----------------------------------------
Timestamp: 4/10/2015 10:10:07 PM

Message: HandlingInstanceID: db925076-9f23-4c8e-b08d-ef6b27879066
An exception of type 'System.ArgumentException' occurred and was caught.
------------------------------------------------------------------------
04/10/2015 18:10:07
Type : System.ArgumentException, mscorlib, Version=4.0.0.0, Culture=neutral, PublicKeyToken=b77a5c561934e089
Message : The relative virtual path 'Webinar.Sitefinity.ControlTemplates.NewsletterSignup.ascx, Webinar.Sitefinity' is not allowed here.
Source : System.Web
Help link : 
ParamName : 
Data : System.Collections.ListDictionaryInternal
TargetSite : Void FailIfRelativePath()
HResult : -2147024809
Stack Trace :    at System.Web.VirtualPath.FailIfRelativePath()
   at System.Web.Hosting.HostingEnvironment.MapPathActual(VirtualPath virtualPath, Boolean permitNull)
   at System.Web.Hosting.HostingEnvironment.MapPathInternal(VirtualPath virtualPath)
   at System.Web.Hosting.MapPathBasedVirtualPathProvider.CacheLookupOrInsert(String virtualPath, Boolean isFile)
   at System.Web.Hosting.MapPathBasedVirtualPathProvider.FileExists(String virtualPath)
   at Telerik.Sitefinity.Abstractions.VirtualPath.SitefinityVirtualPathProvider.FileExists(String virtualPath)
   at Telerik.Sitefinity.Web.UI.ControlUtilities.GetTemplate(String virtualPath, String resourceFileName, Type assemblyInfo, String templateDeclaration, Boolean addChildrenAsDirectDescendants)
   at Telerik.Sitefinity.Web.UI.ControlUtilities.GetControlTemplate(TemplateInfo info)
   at Telerik.Sitefinity.Web.UI.ControlUtilities.GetTemplate(TemplateInfo info)
   at Telerik.Sitefinity.Web.UI.SimpleView.get_LayoutTemplate()
   at Telerik.Sitefinity.Web.UI.SimpleView.get_Container()
   at Telerik.Sitefinity.Web.UI.SimpleView.CreateChildControls()
   at System.Web.UI.Control.EnsureChildControls()
   at System.Web.UI.Control.PreRenderRecursiveInternal()
   at System.Web.UI.Control.PreRenderRecursiveInternal()
   at System.Web.UI.Control.PreRenderRecursiveInternal()
   at System.Web.UI.Control.PreRenderRecursiveInternal()
   at System.Web.UI.Control.PreRenderRecursiveInternal()
   at System.Web.UI.Page.ProcessRequestMain(Boolean includeStagesBeforeAsyncPoint, Boolean includeStagesAfterAsyncPoint)

Additional Info:

MachineName : WOODARD
TimeStamp : 4/10/2015 10:10:07 PM
FullName : Telerik.Sitefinity.Utilities, Version=8.0.5701.0, Culture=neutral, PublicKeyToken=b28c218413bdf563
AppDomainName : /LM/W3SVC/40/ROOT-4-130731773602880633
ThreadIdentity : admin
WindowsIdentity : IIS APPPOOL\.NET v4.5
Requested URL : http://localhost:5102/


Category: ErrorLog

Priority: 0

EventId: 90000

Severity: Error

Title:Enterprise Library Exception Handling

Machine: WOODARD

App Domain: /LM/W3SVC/40/ROOT-4-130731773602880633

ProcessId: 1492

Process Name: C:\Windows\SysWOW64\inetsrv\w3wp.exe

Thread Name: 

Win32 ThreadId:15056

Extended Properties: 
----------------------------------------
----------------------------------------
Timestamp: 4/10/2015 10:13:43 PM

Message: HandlingInstanceID: 09fbb36c-8ecd-40d5-95b6-bac28ccf66ea
An exception of type 'System.ArgumentException' occurred and was caught.
------------------------------------------------------------------------
04/10/2015 18:13:43
Type : System.ArgumentException, mscorlib, Version=4.0.0.0, Culture=neutral, PublicKeyToken=b77a5c561934e089
Message : The relative virtual path 'Webinar.Sitefinity.ControlTemplates.NewsletterSignup.ascx, Webinar.Sitefinity' is not allowed here.
Source : System.Web
Help link : 
ParamName : 
Data : System.Collections.ListDictionaryInternal
TargetSite : Void FailIfRelativePath()
HResult : -2147024809
Stack Trace :    at System.Web.VirtualPath.FailIfRelativePath()
   at System.Web.Hosting.HostingEnvironment.MapPathActual(VirtualPath virtualPath, Boolean permitNull)
   at System.Web.Hosting.HostingEnvironment.MapPathInternal(VirtualPath virtualPath)
   at System.Web.Hosting.MapPathBasedVirtualPathProvider.CacheLookupOrInsert(String virtualPath, Boolean isFile)
   at System.Web.Hosting.MapPathBasedVirtualPathProvider.FileExists(String virtualPath)
   at Telerik.Sitefinity.Abstractions.VirtualPath.SitefinityVirtualPathProvider.FileExists(String virtualPath)
   at Telerik.Sitefinity.Web.UI.ControlUtilities.GetTemplate(String virtualPath, String resourceFileName, Type assemblyInfo, String templateDeclaration, Boolean addChildrenAsDirectDescendants)
   at Telerik.Sitefinity.Web.UI.ControlUtilities.GetControlTemplate(TemplateInfo info)
   at Telerik.Sitefinity.Web.UI.ControlUtilities.GetTemplate(TemplateInfo info)
   at Telerik.Sitefinity.Web.UI.SimpleView.get_LayoutTemplate()
   at Telerik.Sitefinity.Web.UI.SimpleView.get_Container()
   at Telerik.Sitefinity.Web.UI.SimpleView.CreateChildControls()
   at System.Web.UI.Control.EnsureChildControls()
   at System.Web.UI.Control.PreRenderRecursiveInternal()
   at System.Web.UI.Control.PreRenderRecursiveInternal()
   at System.Web.UI.Control.PreRenderRecursiveInternal()
   at System.Web.UI.Control.PreRenderRecursiveInternal()
   at System.Web.UI.Control.PreRenderRecursiveInternal()
   at System.Web.UI.Page.ProcessRequestMain(Boolean includeStagesBeforeAsyncPoint, Boolean includeStagesAfterAsyncPoint)

Additional Info:

MachineName : WOODARD
TimeStamp : 4/10/2015 10:13:43 PM
FullName : Telerik.Sitefinity.Utilities, Version=8.0.5701.0, Culture=neutral, PublicKeyToken=b28c218413bdf563
AppDomainName : /LM/W3SVC/40/ROOT-6-130731775340581506
ThreadIdentity : admin
WindowsIdentity : IIS APPPOOL\.NET v4.5
Requested URL : http://localhost:5102/


Category: ErrorLog

Priority: 0

EventId: 90000

Severity: Error

Title:Enterprise Library Exception Handling

Machine: WOODARD

App Domain: /LM/W3SVC/40/ROOT-6-130731775340581506

ProcessId: 1492

Process Name: C:\Windows\SysWOW64\inetsrv\w3wp.exe

Thread Name: 

Win32 ThreadId:16920

Extended Properties: 
----------------------------------------
----------------------------------------
Timestamp: 4/10/2015 10:15:16 PM

Message: HandlingInstanceID: 6185c7a4-139d-4dae-87c2-e727ab32df32
An exception of type 'System.NullReferenceException' occurred and was caught.
-----------------------------------------------------------------------------
04/10/2015 18:15:16
Type : System.NullReferenceException, mscorlib, Version=4.0.0.0, Culture=neutral, PublicKeyToken=b77a5c561934e089
Message : Object reference not set to an instance of an object.
Source : Telerik.Sitefinity
Help link : 
Data : System.Collections.ListDictionaryInternal
TargetSite : Void VerifySectionRegistered(System.Type, System.String)
HResult : -2147467261
Stack Trace :    at Telerik.Sitefinity.Configuration.Config.VerifySectionRegistered(Type sectionType, String sectionName)
   at Telerik.Sitefinity.Configuration.Config.GetSectionInternal(Type sectionType, Boolean safeMode, String sectionName)
   at Telerik.Sitefinity.Configuration.Config.GetSectionPrivate(Type sectionType, Boolean safeMode, String sectionName)
   at Telerik.Sitefinity.Configuration.Config.GetSectionPrivate[TSection](Boolean safeMode)
   at Telerik.Sitefinity.Localization.ResourceManager.get_ProvidersSettings()
   at Telerik.Sitefinity.Data.ManagerBase`1.GetProvidersSettings()
   at Telerik.Sitefinity.Data.ManagerBase`1.Initialize()

Additional Info:

MachineName : WOODARD
TimeStamp : 4/10/2015 10:15:16 PM
FullName : Telerik.Sitefinity.Utilities, Version=8.0.5701.0, Culture=neutral, PublicKeyToken=b28c218413bdf563
AppDomainName : /LM/W3SVC/34/ROOT-6-130731776631987553
ThreadIdentity : TELERIK\woodard
WindowsIdentity : TELERIK\woodard


Category: ErrorLog

Priority: 0

EventId: 90030

Severity: Error

Title:Enterprise Library Exception Handling

Machine: WOODARD

App Domain: /LM/W3SVC/34/ROOT-6-130731776631987553

ProcessId: 4256

Process Name: C:\Program Files (x86)\Microsoft Visual Studio 12.0\Common7\IDE\Microsoft.VisualStudio.Web.Host.exe

Thread Name: 

Win32 ThreadId:14388

Extended Properties: 
----------------------------------------
----------------------------------------
Timestamp: 4/10/2015 11:30:15 PM

Message: HandlingInstanceID: 7eb57e72-dd7b-4bfd-afce-8158e0d4c169
An exception of type 'Telerik.Sitefinity.Utilities.MS.ServiceModel.Web.WebProtocolException' occurred and was caught.
---------------------------------------------------------------------------------------------------------------------
04/10/2015 19:30:15
Type : Telerik.Sitefinity.Utilities.MS.ServiceModel.Web.WebProtocolException, Telerik.Sitefinity.Utilities, Version=8.0.5701.0, Culture=neutral, PublicKeyToken=b28c218413bdf563
Message : An item with the same key has already been added.
Source : Telerik.Sitefinity
Help link : 
StatusCode : InternalServerError
StatusDescription : An item with the same key has already been added.
IsDetailXhtml : True
Data : System.Collections.ListDictionaryInternal
TargetSite : Boolean SaveBatchConfigSection(System.String[][], System.String, System.String, System.String, System.String, System.String, System.String)
HResult : -2146233087
detailWriterInstance : Telerik.Sitefinity.Utilities.MS.ServiceModel.Web.WebProtocolException+StringDetailWriter
Stack Trace :    at Telerik.Sitefinity.Configuration.Web.ConfigSectionItems.SaveBatchConfigSection(String[][] propertyBag, String nodeName, String policyHandlerName, String policyName, String provider, String mode, String typeName)
   at SyncInvokeSaveBatchConfigSection(Object , Object[] , Object[] )
   at System.ServiceModel.Dispatcher.SyncMethodInvoker.Invoke(Object instance, Object[] inputs, Object[]& outputs)
   at System.ServiceModel.Dispatcher.DispatchOperationRuntime.InvokeBegin(MessageRpc& rpc)
   at System.ServiceModel.Dispatcher.ImmutableDispatchRuntime.ProcessMessage5(MessageRpc& rpc)
   at System.ServiceModel.Dispatcher.ImmutableDispatchRuntime.ProcessMessage41(MessageRpc& rpc)
   at System.ServiceModel.Dispatcher.MessageRpc.Process(Boolean isOperationContextSet)

Additional Info:

MachineName : WOODARD
TimeStamp : 4/10/2015 11:30:15 PM
FullName : Telerik.Sitefinity.Utilities, Version=8.0.5701.0, Culture=neutral, PublicKeyToken=b28c218413bdf563
AppDomainName : /LM/W3SVC/40/ROOT-10-130731822022404849
ThreadIdentity : 
WindowsIdentity : IIS APPPOOL\.NET v4.5
Requested URL : http://localhost:5102/Sitefinity/Services/Configuration/ConfigSectionItems.svc/batch/?nodeName=ViewMap_0,controlsConfig_0&policyHandlerName=&policyName=&mode=New&skip=0&take=10&type=
	Inner Exception
	---------------
	Type : System.ArgumentException, mscorlib, Version=4.0.0.0, Culture=neutral, PublicKeyToken=b77a5c561934e089
	Message : An item with the same key has already been added.
	Source : mscorlib
	Help link : 
	ParamName : 
	Data : System.Collections.ListDictionaryInternal
	TargetSite : Void ThrowArgumentException(System.ExceptionResource)
	HResult : -2147024809
	Stack Trace :    at System.ThrowHelper.ThrowArgumentException(ExceptionResource resource)
	   at System.Collections.Generic.Dictionary`2.Insert(TKey key, TValue value, Boolean add)
	   at Telerik.Sitefinity.Configuration.ConfigElementDictionary`2.Add(TKey key, TElement element)
	   at Telerik.Sitefinity.Configuration.ConfigElementDictionary`2.Add(ConfigElement item)
	   at Telerik.Sitefinity.Configuration.Web.ConfigSectionItems.SaveBatchConfigSection(String[][] propertyBag, String nodeName, String policyHandlerName, String policyName, String provider, String mode, String typeName)



Category: ErrorLog

Priority: 0

EventId: 90000

Severity: Error

Title:Enterprise Library Exception Handling

Machine: WOODARD

App Domain: /LM/W3SVC/40/ROOT-10-130731822022404849

ProcessId: 1492

Process Name: C:\Windows\SysWOW64\inetsrv\w3wp.exe

Thread Name: 

Win32 ThreadId:8612

Extended Properties: 
----------------------------------------
----------------------------------------
Timestamp: 4/10/2015 11:30:31 PM

Message: HandlingInstanceID: a3a8b9d6-9cb5-41c9-85c6-c69dd40b82d7
An exception of type 'System.ArgumentException' occurred and was caught.
------------------------------------------------------------------------
04/10/2015 19:30:31
Type : System.ArgumentException, mscorlib, Version=4.0.0.0, Culture=neutral, PublicKeyToken=b77a5c561934e089
Message : Cannot find template "~/App_Data/Sitefinity/WidgetTemplates/NewsletterSignup.ascx".
Source : Telerik.Sitefinity
Help link : 
ParamName : 
Data : System.Collections.ListDictionaryInternal
TargetSite : System.Web.UI.ITemplate GetTemplate(System.String, System.String, System.Type, System.String, Boolean)
HResult : -2147024809
Stack Trace :    at Telerik.Sitefinity.Web.UI.ControlUtilities.GetTemplate(String virtualPath, String resourceFileName, Type assemblyInfo, String templateDeclaration, Boolean addChildrenAsDirectDescendants)
   at Telerik.Sitefinity.Web.UI.ControlUtilities.GetControlTemplate(TemplateInfo info)
   at Telerik.Sitefinity.Web.UI.ControlUtilities.GetTemplate(TemplateInfo info)
   at Telerik.Sitefinity.Web.UI.SimpleView.get_LayoutTemplate()
   at Telerik.Sitefinity.Web.UI.SimpleView.get_Container()
   at Telerik.Sitefinity.Web.UI.SimpleView.CreateChildControls()
   at System.Web.UI.Control.EnsureChildControls()
   at System.Web.UI.Control.PreRenderRecursiveInternal()
   at System.Web.UI.Control.PreRenderRecursiveInternal()
   at System.Web.UI.Control.PreRenderRecursiveInternal()
   at System.Web.UI.Control.PreRenderRecursiveInternal()
   at System.Web.UI.Control.PreRenderRecursiveInternal()
   at System.Web.UI.Page.ProcessRequestMain(Boolean includeStagesBeforeAsyncPoint, Boolean includeStagesAfterAsyncPoint)

Additional Info:

MachineName : WOODARD
TimeStamp : 4/10/2015 11:30:31 PM
FullName : Telerik.Sitefinity.Utilities, Version=8.0.5701.0, Culture=neutral, PublicKeyToken=b28c218413bdf563
AppDomainName : /LM/W3SVC/40/ROOT-10-130731822022404849
ThreadIdentity : admin
WindowsIdentity : IIS APPPOOL\.NET v4.5
Requested URL : http://localhost:5102/


Category: ErrorLog

Priority: 0

EventId: 90000

Severity: Error

Title:Enterprise Library Exception Handling

Machine: WOODARD

App Domain: /LM/W3SVC/40/ROOT-10-130731822022404849

ProcessId: 1492

Process Name: C:\Windows\SysWOW64\inetsrv\w3wp.exe

Thread Name: 

Win32 ThreadId:13948

Extended Properties: 
----------------------------------------
