----------------------------------------
Timestamp: 3/24/2015 2:50:59 PM

Message: Shutting down threadpool...


----------------------------------------
----------------------------------------
Timestamp: 3/24/2015 2:50:59 PM

Message: Thread pool 'BackgroundTasksService': Shutdown of thread pool completed. All currently running threads will finish their work and stop.


----------------------------------------
----------------------------------------
Timestamp: 3/24/2015 2:51:00 PM

Message: WorkerThread is shut down


----------------------------------------
----------------------------------------
Timestamp: 3/24/2015 2:51:00 PM

Message: WorkerThread is shut down


----------------------------------------
----------------------------------------
Timestamp: 3/24/2015 2:51:00 PM

Message: WorkerThread is shut down


----------------------------------------
----------------------------------------
Timestamp: 3/24/2015 2:51:00 PM

Message: WorkerThread is shut down


----------------------------------------
----------------------------------------
Timestamp: 3/24/2015 2:51:00 PM

Message: WorkerThread is shut down


----------------------------------------
----------------------------------------
Timestamp: 3/24/2015 2:51:00 PM

Message: Background task scheduler shut down


----------------------------------------
----------------------------------------
Timestamp: 3/24/2015 2:51:00 PM

Message: WorkerThread is shut down


----------------------------------------
----------------------------------------
Timestamp: 3/24/2015 2:51:00 PM

Message: WorkerThread is shut down


----------------------------------------
----------------------------------------
Timestamp: 3/24/2015 2:51:00 PM

Message: WorkerThread is shut down


----------------------------------------
----------------------------------------
Timestamp: 3/24/2015 2:51:29 PM

Message: Shutting down threadpool...


----------------------------------------
----------------------------------------
Timestamp: 3/24/2015 2:51:29 PM

Message: Thread pool 'BackgroundTasksService': Shutdown of thread pool completed. Threads aborted.


----------------------------------------
