----------------------------------------
Timestamp: 4/4/2015 3:41:57 PM

Message: Shutting down threadpool...


----------------------------------------
----------------------------------------
Timestamp: 4/4/2015 3:41:57 PM

Message: Thread pool 'BackgroundTasksService': Shutdown of thread pool completed. All currently running threads will finish their work and stop.


----------------------------------------
----------------------------------------
Timestamp: 4/4/2015 3:41:57 PM

Message: WorkerThread is shut down


----------------------------------------
----------------------------------------
Timestamp: 4/4/2015 3:41:57 PM

Message: Background task scheduler shut down


----------------------------------------
----------------------------------------
Timestamp: 4/4/2015 3:41:57 PM

Message: WorkerThread is shut down


----------------------------------------
----------------------------------------
Timestamp: 4/4/2015 3:41:57 PM

Message: WorkerThread is shut down


----------------------------------------
----------------------------------------
Timestamp: 4/4/2015 3:41:57 PM

Message: WorkerThread is shut down


----------------------------------------
----------------------------------------
Timestamp: 4/4/2015 3:41:57 PM

Message: WorkerThread is shut down


----------------------------------------
----------------------------------------
Timestamp: 4/4/2015 3:41:57 PM

Message: WorkerThread is shut down


----------------------------------------
----------------------------------------
Timestamp: 4/4/2015 3:41:57 PM

Message: WorkerThread is shut down


----------------------------------------
----------------------------------------
Timestamp: 4/4/2015 3:41:57 PM

Message: WorkerThread is shut down


----------------------------------------
----------------------------------------
Timestamp: 4/4/2015 3:42:27 PM

Message: Shutting down threadpool...


----------------------------------------
----------------------------------------
Timestamp: 4/4/2015 3:42:27 PM

Message: Thread pool 'BackgroundTasksService': Shutdown of thread pool completed. Threads aborted.


----------------------------------------
